<?xml version="1.0" encoding="UTF-8"?>
<testsuite name="com.main_project.clinical_service.ClinicalServiceApplicationTests" tests="1" skipped="0" failures="0" errors="0" timestamp="2026-05-13T14:35:49" hostname="DESKTOP-9TQBJQE" time="0.443">
  <properties/>
  <testcase name="CLN-SRV-UT-051 - main should start application bootstrap without throwing" classname="com.main_project.clinical_service.ClinicalServiceApplicationTests" time="0.443"/>
  <system-out><![CDATA[]]></system-out>
  <system-err><![CDATA[]]></system-err>
</testsuite>
